2025-08-13 09:35:35 | ERROR    | BlackBox.errors | {"timestamp": "2025-08-13T09:35:35.894302", "session_id": "20250813_093533", "category": "errors", "level": "ERROR", "message": "❌ Traditional Order Executor no disponible", "metadata": {}}
2025-08-13 09:38:56 | ERROR    | BlackBox.errors | {"timestamp": "2025-08-13T09:38:56.834067", "session_id": "20250813_093854", "category": "errors", "level": "ERROR", "message": "❌ Error inicializando Traditional Order Executor: FundedNextMT5Manager.__init__() got an unexpected keyword argument 'config_manager'", "metadata": {}}
2025-08-13 09:40:01 | ERROR    | BlackBox.errors | {"timestamp": "2025-08-13T09:40:01.601624", "session_id": "20250813_093959", "category": "errors", "level": "ERROR", "message": "❌ Error inicializando Traditional Order Executor: FundedNextMT5Manager.__init__() got an unexpected keyword argument 'config_manager'", "metadata": {}}
2025-08-13 09:40:53 | ERROR    | BlackBox.errors | {"timestamp": "2025-08-13T09:40:53.218634", "session_id": "20250813_094051", "category": "errors", "level": "ERROR", "message": "❌ Error inicializando Traditional Order Executor: FundedNextMT5Manager.__init__() got an unexpected keyword argument 'config_manager'", "metadata": {}}
2025-08-13 09:45:14 | ERROR    | BlackBox.errors | {"timestamp": "2025-08-13T09:45:14.170237", "session_id": "20250813_094512", "category": "errors", "level": "ERROR", "message": "❌ Error inicializando Traditional Order Executor: FundedNextMT5Manager.__init__() got an unexpected keyword argument 'config_manager'", "metadata": {}}
2025-08-13 09:46:53 | ERROR    | BlackBox.errors | {"timestamp": "2025-08-13T09:46:53.894351", "session_id": "20250813_094512", "category": "errors", "level": "ERROR", "message": "❌ Error procesando FVG para trading: CHECK constraint failed: gap_type IN ('BULLISH', 'BEARISH')", "metadata": {}}
2025-08-13 09:48:44 | ERROR    | BlackBox.errors | {"timestamp": "2025-08-13T09:48:44.721740", "session_id": "20250813_094512", "category": "errors", "level": "ERROR", "message": "❌ Error procesando FVG para trading: CHECK constraint failed: gap_type IN ('BULLISH', 'BEARISH')", "metadata": {}}
2025-08-13 09:49:04 | ERROR    | BlackBox.errors | {"timestamp": "2025-08-13T09:49:04.866528", "session_id": "20250813_094512", "category": "errors", "level": "ERROR", "message": "❌ Error procesando FVG para trading: CHECK constraint failed: gap_type IN ('BULLISH', 'BEARISH')", "metadata": {}}
2025-08-13 09:55:47 | ERROR    | BlackBox.errors | {"timestamp": "2025-08-13T09:55:47.679399", "session_id": "20250813_094512", "category": "errors", "level": "ERROR", "message": "❌ Error procesando FVG para trading: CHECK constraint failed: gap_type IN ('BULLISH', 'BEARISH')", "metadata": {}}
2025-08-13 09:56:28 | ERROR    | BlackBox.errors | {"timestamp": "2025-08-13T09:56:28.017435", "session_id": "20250813_094512", "category": "errors", "level": "ERROR", "message": "❌ Error procesando FVG para trading: CHECK constraint failed: gap_type IN ('BULLISH', 'BEARISH')", "metadata": {}}
2025-08-13 09:56:48 | ERROR    | BlackBox.errors | {"timestamp": "2025-08-13T09:56:48.193361", "session_id": "20250813_094512", "category": "errors", "level": "ERROR", "message": "❌ Error procesando FVG para trading: CHECK constraint failed: gap_type IN ('BULLISH', 'BEARISH')", "metadata": {}}
2025-08-13 09:59:35 | ERROR    | BlackBox.errors | {"timestamp": "2025-08-13T09:59:35.993208", "session_id": "20250813_095713", "category": "errors", "level": "ERROR", "message": "❌ Error procesando FVG para trading: CHECK constraint failed: gap_type IN ('BULLISH', 'BEARISH')", "metadata": {}}
2025-08-13 10:03:32 | ERROR    | BlackBox.errors | {"timestamp": "2025-08-13T10:03:32.665517", "session_id": "20250813_100050", "category": "errors", "level": "ERROR", "message": "Error validando FVG: 'LoggerManager' object has no attribute 'log_debug'", "metadata": {}}
2025-08-13 10:03:52 | ERROR    | BlackBox.errors | {"timestamp": "2025-08-13T10:03:52.827851", "session_id": "20250813_100050", "category": "errors", "level": "ERROR", "message": "Error validando FVG: 'LoggerManager' object has no attribute 'log_debug'", "metadata": {}}
2025-08-13 10:06:43 | ERROR    | BlackBox.errors | {"timestamp": "2025-08-13T10:06:43.231241", "session_id": "20250813_100611", "category": "errors", "level": "ERROR", "message": "Error validando FVG: 'LoggerManager' object has no attribute 'log_debug'", "metadata": {}}
2025-08-13 10:07:03 | ERROR    | BlackBox.errors | {"timestamp": "2025-08-13T10:07:03.426470", "session_id": "20250813_100611", "category": "errors", "level": "ERROR", "message": "Error validando FVG: 'LoggerManager' object has no attribute 'log_debug'", "metadata": {}}
2025-08-13 10:10:35 | ERROR    | BlackBox.errors | {"timestamp": "2025-08-13T10:10:35.228742", "session_id": "20250813_100611", "category": "errors", "level": "ERROR", "message": "Error validando FVG: 'LoggerManager' object has no attribute 'log_debug'", "metadata": {}}
2025-08-13 10:12:56 | ERROR    | BlackBox.errors | {"timestamp": "2025-08-13T10:12:56.305539", "session_id": "20250813_100611", "category": "errors", "level": "ERROR", "message": "Error validando FVG: 'MockFVGData' object has no attribute 'status'", "metadata": {}}
2025-08-13 10:13:56 | ERROR    | BlackBox.errors | {"timestamp": "2025-08-13T10:13:56.712445", "session_id": "20250813_100611", "category": "errors", "level": "ERROR", "message": "Error validando FVG: 'MockFVGData' object has no attribute 'status'", "metadata": {}}
2025-08-13 10:14:36 | ERROR    | BlackBox.errors | {"timestamp": "2025-08-13T10:14:36.992910", "session_id": "20250813_100611", "category": "errors", "level": "ERROR", "message": "Error validando FVG: 'LoggerManager' object has no attribute 'log_debug'", "metadata": {}}
2025-08-13 10:15:57 | ERROR    | BlackBox.errors | {"timestamp": "2025-08-13T10:15:57.616103", "session_id": "20250813_100611", "category": "errors", "level": "ERROR", "message": "Error validando FVG: 'LoggerManager' object has no attribute 'log_debug'", "metadata": {}}
2025-08-13 10:18:10 | ERROR    | BlackBox.errors | {"timestamp": "2025-08-13T10:18:10.893789", "session_id": "20250813_101628", "category": "errors", "level": "ERROR", "message": "Error validando FVG: 'MockFVGData' object has no attribute 'status'", "metadata": {}}
2025-08-13 10:21:11 | ERROR    | BlackBox.errors | {"timestamp": "2025-08-13T10:21:11.107116", "session_id": "20250813_102039", "category": "errors", "level": "ERROR", "message": "Error obteniendo quality score: 'FVGQualityAnalyzer' object has no attribute 'analyze_fvg_quality'", "metadata": {}}
2025-08-13 10:21:11 | ERROR    | BlackBox.errors | {"timestamp": "2025-08-13T10:21:11.112254", "session_id": "20250813_102039", "category": "errors", "level": "ERROR", "message": "❌ Error colocando orden límite: 10015", "metadata": {}}
2025-08-13 10:21:11 | ERROR    | BlackBox.errors | {"timestamp": "2025-08-13T10:21:11.113451", "session_id": "20250813_102039", "category": "errors", "level": "ERROR", "message": "❌ Error colocando orden límite FVG: EURUSD", "metadata": {}}
